#
# There is insufficient memory for the Java Runtime Environment to continue.
# Native memory allocation (malloc) failed to allocate 32744 bytes. Error detail: Chunk::new
# Possible reasons:
#   The system is out of physical RAM or swap space
#   This process is running with CompressedOops enabled, and the Java Heap may be blocking the growth of the native heap
# Possible solutions:
#   Reduce memory load on the system
#   Increase physical memory or swap space
#   Check if swap backing store is full
#   Decrease Java heap size (-Xmx/-Xms)
#   Decrease number of Java threads
#   Decrease Java thread stack sizes (-Xss)
#   Set larger code cache with -XX:ReservedCodeCacheSize=
#   JVM is running with Unscaled Compressed Oops mode in which the Java heap is
#     placed in the first 4GB address space. The Java Heap base address is the
#     maximum limit for the native heap growth. Please use -XX:HeapBaseMinAddress
#     to set the Java Heap base and to place the Java Heap above 4GB virtual address.
# This output file may be truncated or incomplete.
#
#  Out of Memory Error (arena.cpp:168), pid=13200, tid=9692
#
# JRE version: OpenJDK Runtime Environment Temurin-21.0.6+7 (21.0.6+7) (build 21.0.6+7-LTS)
# Java VM: OpenJDK 64-Bit Server VM Temurin-21.0.6+7 (21.0.6+7-LTS, mixed mode, sharing, tiered, compressed oops, compressed class ptrs, parallel gc, windows-amd64)
# No core dump will be written. Minidumps are not enabled by default on client versions of Windows
#

---------------  S U M M A R Y ------------

Command Line: --add-modules=ALL-SYSTEM --add-opens=java.base/java.util=ALL-UNNAMED --add-opens=java.base/java.lang=ALL-UNNAMED --add-opens=java.base/sun.nio.fs=ALL-UNNAMED -Declipse.application=org.eclipse.jdt.ls.core.id1 -Dosgi.bundles.defaultStartLevel=4 -Declipse.product=org.eclipse.jdt.ls.core.product -Djava.import.generatesMetadataFilesAtProjectRoot=false -DDetectVMInstallationsJob.disabled=true -Dfile.encoding=utf8 -XX:+UseParallelGC -XX:GCTimeRatio=4 -XX:AdaptiveSizePolicyWeight=90 -Dsun.zip.disableMemoryMapping=true -Xmx1G -Xms100m -Xlog:disable -javaagent:c:\Users\Quoc Huy\.vscode\extensions\redhat.java-1.41.1-win32-x64\lombok\lombok-1.18.36.jar -XX:+HeapDumpOnOutOfMemoryError -XX:HeapDumpPath=c:\Users\Quoc Huy\AppData\Roaming\Code\User\workspaceStorage\ed232d59fa86a915b68adb7d04bb7f3e\redhat.java -Daether.dependencyCollector.impl=bf c:\Users\Quoc Huy\.vscode\extensions\redhat.java-1.41.1-win32-x64\server\plugins\org.eclipse.equinox.launcher_1.7.0.v20250331-1702.jar -configuration c:\Users\Quoc Huy\AppData\Roaming\Code\User\globalStorage\redhat.java\1.41.1\config_win -data c:\Users\Quoc Huy\AppData\Roaming\Code\User\workspaceStorage\ed232d59fa86a915b68adb7d04bb7f3e\redhat.java\jdt_ws --pipe=\\.\pipe\lsp-21c33fbd873d7f0f4e459cda16fba171-sock

Host: Intel(R) Core(TM) i5-6300U CPU @ 2.40GHz, 4 cores, 15G,  Windows 10 , 64 bit Build 19041 (10.0.19041.5678)
Time: Wed Apr  2 01:16:32 2025 SE Asia Standard Time elapsed time: 12.060577 seconds (0d 0h 0m 12s)

---------------  T H R E A D  ---------------

Current thread (0x000001ad39a02c80):  JavaThread "C2 CompilerThread0" daemon [_thread_in_native, id=9692, stack(0x0000005c07300000,0x0000005c07400000) (1024K)]


Current CompileTask:
C2:12060 2622   !   4       java.io.BufferedInputStream::read (54 bytes)

Stack: [0x0000005c07300000,0x0000005c07400000]
Native frames: (J=compiled Java code, j=interpreted, Vv=VM code, C=native code)
V  [jvm.dll+0x6cdee9]
V  [jvm.dll+0x8a83d1]
V  [jvm.dll+0x8aa8fe]
V  [jvm.dll+0x8aafe3]
V  [jvm.dll+0x27f706]
V  [jvm.dll+0xc500d]
V  [jvm.dll+0xc5543]
V  [jvm.dll+0x656c0b]
V  [jvm.dll+0x656daf]
V  [jvm.dll+0x656daf]
V  [jvm.dll+0x65c7e9]
V  [jvm.dll+0x65d7d6]
V  [jvm.dll+0x65bb6e]
V  [jvm.dll+0x247875]
V  [jvm.dll+0x246fcf]
V  [jvm.dll+0x1c75ee]
V  [jvm.dll+0x25685a]
V  [jvm.dll+0x254dfa]
V  [jvm.dll+0x3f0256]
V  [jvm.dll+0x851f8b]
V  [jvm.dll+0x6cc5ed]
C  [ucrtbase.dll+0x21bb2]
C  [KERNEL32.DLL+0x17374]
C  [ntdll.dll+0x4cc91]


---------------  P R O C E S S  ---------------

Threads class SMR info:
_java_thread_list=0x000001ad047c0be0, length=18, elements={
0x000001ad256cfdc0, 0x000001ad399f91e0, 0x000001ad399faa40, 0x000001ad399fc5c0,
0x000001ad399fd4d0, 0x000001ad399fe3e0, 0x000001ad39a01e50, 0x000001ad39a02c80,
0x000001ad39a78d90, 0x000001ad39ace5a0, 0x000001ad0425b350, 0x000001ad04984ee0,
0x000001ad045d56b0, 0x000001ad04b21e10, 0x000001ad04b0d740, 0x000001ad04fa7990,
0x000001ad04879440, 0x000001ad046b56e0
}

Java Threads: ( => current thread )
  0x000001ad256cfdc0 JavaThread "main"                              [_thread_blocked, id=4636, stack(0x0000005c06800000,0x0000005c06900000) (1024K)]
  0x000001ad399f91e0 JavaThread "Reference Handler"          daemon [_thread_blocked, id=7348, stack(0x0000005c06d00000,0x0000005c06e00000) (1024K)]
  0x000001ad399faa40 JavaThread "Finalizer"                  daemon [_thread_blocked, id=18060, stack(0x0000005c06e00000,0x0000005c06f00000) (1024K)]
  0x000001ad399fc5c0 JavaThread "Signal Dispatcher"          daemon [_thread_blocked, id=18260, stack(0x0000005c06f00000,0x0000005c07000000) (1024K)]
  0x000001ad399fd4d0 JavaThread "Attach Listener"            daemon [_thread_blocked, id=8660, stack(0x0000005c07000000,0x0000005c07100000) (1024K)]
  0x000001ad399fe3e0 JavaThread "Service Thread"             daemon [_thread_blocked, id=9856, stack(0x0000005c07100000,0x0000005c07200000) (1024K)]
  0x000001ad39a01e50 JavaThread "Monitor Deflation Thread"   daemon [_thread_blocked, id=13740, stack(0x0000005c07200000,0x0000005c07300000) (1024K)]
=>0x000001ad39a02c80 JavaThread "C2 CompilerThread0"         daemon [_thread_in_native, id=9692, stack(0x0000005c07300000,0x0000005c07400000) (1024K)]
  0x000001ad39a78d90 JavaThread "C1 CompilerThread0"         daemon [_thread_blocked, id=5000, stack(0x0000005c07400000,0x0000005c07500000) (1024K)]
  0x000001ad39ace5a0 JavaThread "Common-Cleaner"             daemon [_thread_blocked, id=19300, stack(0x0000005c07500000,0x0000005c07600000) (1024K)]
  0x000001ad0425b350 JavaThread "Notification Thread"        daemon [_thread_blocked, id=16436, stack(0x0000005c07600000,0x0000005c07700000) (1024K)]
  0x000001ad04984ee0 JavaThread "Active Thread: Equinox Container: f29389cb-6e86-4096-989d-bf075883a783"        [_thread_blocked, id=9752, stack(0x0000005c07a00000,0x0000005c07b00000) (1024K)]
  0x000001ad045d56b0 JavaThread "Refresh Thread: Equinox Container: f29389cb-6e86-4096-989d-bf075883a783" daemon [_thread_blocked, id=16516, stack(0x0000005c07b00000,0x0000005c07c00000) (1024K)]
  0x000001ad04b21e10 JavaThread "Framework Event Dispatcher: Equinox Container: f29389cb-6e86-4096-989d-bf075883a783" daemon [_thread_blocked, id=11436, stack(0x0000005c07c00000,0x0000005c07d00000) (1024K)]
  0x000001ad04b0d740 JavaThread "Start Level: Equinox Container: f29389cb-6e86-4096-989d-bf075883a783" daemon [_thread_in_Java, id=1168, stack(0x0000005c07d00000,0x0000005c07e00000) (1024K)]
  0x000001ad04fa7990 JavaThread "Bundle File Closer"         daemon [_thread_blocked, id=12148, stack(0x0000005c07f00000,0x0000005c08000000) (1024K)]
  0x000001ad04879440 JavaThread "SCR Component Actor"        daemon [_thread_blocked, id=9716, stack(0x0000005c07e00000,0x0000005c07f00000) (1024K)]
  0x000001ad046b56e0 JavaThread "SCR Component Registry"     daemon [_thread_blocked, id=11320, stack(0x0000005c08000000,0x0000005c08100000) (1024K)]
Total: 18

Other Threads:
  0x000001ad2578d340 VMThread "VM Thread"                           [id=8616, stack(0x0000005c06c00000,0x0000005c06d00000) (1024K)]
  0x000001ad2573b160 WatcherThread "VM Periodic Task Thread"        [id=19040, stack(0x0000005c06b00000,0x0000005c06c00000) (1024K)]
  0x000001ad256f03d0 WorkerThread "GC Thread#0"                     [id=18796, stack(0x0000005c06a00000,0x0000005c06b00000) (1024K)]
  0x000001ad047950e0 WorkerThread "GC Thread#1"                     [id=9056, stack(0x0000005c07700000,0x0000005c07800000) (1024K)]
  0x000001ad04794600 WorkerThread "GC Thread#2"                     [id=17972, stack(0x0000005c07800000,0x0000005c07900000) (1024K)]
  0x000001ad04795820 WorkerThread "GC Thread#3"                     [id=4280, stack(0x0000005c07900000,0x0000005c07a00000) (1024K)]
Total: 6

Threads with active compile tasks:
C2 CompilerThread0  12111 2622   !   4       java.io.BufferedInputStream::read (54 bytes)
Total: 1

VM state: not at safepoint (normal execution)

VM Mutex/Monitor currently owned by a thread: None

Heap address: 0x00000000c0000000, size: 1024 MB, Compressed Oops mode: 32-bit

CDS archive(s) mapped at: [0x000001ad3a000000-0x000001ad3aba0000-0x000001ad3aba0000), size 12189696, SharedBaseAddress: 0x000001ad3a000000, ArchiveRelocationMode: 1.
Compressed class space mapped at: 0x000001ad3b000000-0x000001ad7b000000, reserved size: 1073741824
Narrow klass base: 0x000001ad3a000000, Narrow klass shift: 0, Narrow klass range: 0x100000000

GC Precious Log:
 CardTable entry size: 512
 CPUs: 4 total, 4 available
 Memory: 16275M
 Large Page Support: Disabled
 NUMA Support: Disabled
 Compressed Oops: Enabled (32-bit)
 Alignments: Space 512K, Generation 512K, Heap 2M
 Heap Min Capacity: 100M
 Heap Initial Capacity: 100M
 Heap Max Capacity: 1G
 Pre-touch: Disabled
 Parallel Workers: 4

Heap:
 PSYoungGen      total 29696K, used 24309K [0x00000000eab00000, 0x00000000ecc00000, 0x0000000100000000)
  eden space 25600K, 79% used [0x00000000eab00000,0x00000000ebec43a0,0x00000000ec400000)
  from space 4096K, 99% used [0x00000000ec400000,0x00000000ec7f9178,0x00000000ec800000)
  to   space 4096K, 0% used [0x00000000ec800000,0x00000000ec800000,0x00000000ecc00000)
 ParOldGen       total 68608K, used 5941K [0x00000000c0000000, 0x00000000c4300000, 0x00000000eab00000)
  object space 68608K, 8% used [0x00000000c0000000,0x00000000c05cd5b8,0x00000000c4300000)
 Metaspace       used 12126K, committed 12480K, reserved 1114112K
  class space    used 1217K, committed 1408K, reserved 1048576K

Card table byte_map: [0x000001ad25080000,0x000001ad25290000] _byte_map_base: 0x000001ad24a80000

Marking Bits: (ParMarkBitMap*) 0x00007ffa9f9f3260
 Begin Bits: [0x000001ad378d0000, 0x000001ad388d0000)
 End Bits:   [0x000001ad388d0000, 0x000001ad398d0000)

Polling page: 0x000001ad235c0000

Metaspace:

Usage:
  Non-class:     10.65 MB used.
      Class:      1.19 MB used.
       Both:     11.84 MB used.

Virtual space:
  Non-class space:       64.00 MB reserved,      10.81 MB ( 17%) committed,  1 nodes.
      Class space:        1.00 GB reserved,       1.38 MB ( <1%) committed,  1 nodes.
             Both:        1.06 GB reserved,      12.19 MB (  1%) committed. 

Chunk freelists:
   Non-Class:  5.19 MB
       Class:  14.64 MB
        Both:  19.83 MB

MaxMetaspaceSize: unlimited
CompressedClassSpaceSize: 1.00 GB
Initial GC threshold: 21.00 MB
Current GC threshold: 21.00 MB
CDS: on
 - commit_granule_bytes: 65536.
 - commit_granule_words: 8192.
 - virtual_space_node_default_size: 8388608.
 - enlarge_chunks_in_place: 1.
 - use_allocation_guard: 0.


Internal statistics:

num_allocs_failed_limit: 0.
num_arena_births: 272.
num_arena_deaths: 0.
num_vsnodes_births: 2.
num_vsnodes_deaths: 0.
num_space_committed: 195.
num_space_uncommitted: 0.
num_chunks_returned_to_freelist: 0.
num_chunks_taken_from_freelist: 602.
num_chunk_merges: 0.
num_chunk_splits: 394.
num_chunks_enlarged: 272.
num_inconsistent_stats: 0.

CodeHeap 'non-profiled nmethods': size=120000Kb used=1179Kb max_used=1179Kb free=118821Kb
 bounds [0x000001ad303a0000, 0x000001ad30610000, 0x000001ad378d0000]
CodeHeap 'profiled nmethods': size=120000Kb used=5192Kb max_used=5192Kb free=114807Kb
 bounds [0x000001ad288d0000, 0x000001ad28df0000, 0x000001ad2fe00000]
CodeHeap 'non-nmethods': size=5760Kb used=1238Kb max_used=1266Kb free=4521Kb
 bounds [0x000001ad2fe00000, 0x000001ad30070000, 0x000001ad303a0000]
 total_blobs=3124 nmethods=2619 adapters=411
 compilation: enabled
              stopped_count=0, restarted_count=0
 full_count=0

Compilation events (20 events):
Event: 12.047 Thread 0x000001ad39a78d90 nmethod 2612 0x000001ad28dd1210 code [0x000001ad28dd13e0, 0x000001ad28dd1728]
Event: 12.047 Thread 0x000001ad39a78d90 2613       3       com.sun.org.apache.xerces.internal.impl.XMLDocumentScannerImpl::next (10 bytes)
Event: 12.047 Thread 0x000001ad39a78d90 nmethod 2613 0x000001ad28dd1890 code [0x000001ad28dd1a40, 0x000001ad28dd1c20]
Event: 12.048 Thread 0x000001ad39a78d90 2614       3       com.sun.org.apache.xerces.internal.utils.XMLLimitAnalyzer::getTotalValue (7 bytes)
Event: 12.048 Thread 0x000001ad39a78d90 nmethod 2614 0x000001ad28dd1d10 code [0x000001ad28dd1ec0, 0x000001ad28dd1ff8]
Event: 12.048 Thread 0x000001ad39a78d90 2615       3       com.sun.org.apache.xerces.internal.utils.XMLLimitAnalyzer::addValue (11 bytes)
Event: 12.049 Thread 0x000001ad39a78d90 nmethod 2615 0x000001ad28dd2110 code [0x000001ad28dd22c0, 0x000001ad28dd2418]
Event: 12.049 Thread 0x000001ad39a78d90 2616       3       com.sun.org.apache.xerces.internal.utils.XMLLimitAnalyzer::addValue (260 bytes)
Event: 12.050 Thread 0x000001ad39a78d90 nmethod 2616 0x000001ad28dd2510 code [0x000001ad28dd2840, 0x000001ad28dd3c10]
Event: 12.050 Thread 0x000001ad39a78d90 2618       3       com.sun.org.apache.xerces.internal.utils.XMLSecurityManager::isOverLimit (111 bytes)
Event: 12.050 Thread 0x000001ad39a02c80 nmethod 2595 0x000001ad304c5d10 code [0x000001ad304c5ec0, 0x000001ad304c62b0]
Event: 12.051 Thread 0x000001ad39a02c80 2596       4       java.util.ArrayList::indexOfRange (71 bytes)
Event: 12.051 Thread 0x000001ad39a78d90 nmethod 2618 0x000001ad28dd4310 code [0x000001ad28dd4520, 0x000001ad28dd4af0]
Event: 12.051 Thread 0x000001ad39a78d90 2619       3       com.sun.org.apache.xerces.internal.xni.QName::setValues (33 bytes)
Event: 12.051 Thread 0x000001ad39a78d90 nmethod 2619 0x000001ad28dd4d90 code [0x000001ad28dd4f20, 0x000001ad28dd5098]
Event: 12.051 Thread 0x000001ad39a78d90 2620       3       com.sun.org.apache.xerces.internal.impl.XMLEntityScanner::scanChar (265 bytes)
Event: 12.052 Thread 0x000001ad39a78d90 nmethod 2620 0x000001ad28dd5190 code [0x000001ad28dd53a0, 0x000001ad28dd5920]
Event: 12.052 Thread 0x000001ad39a78d90 2617   !   3       com.sun.org.apache.xerces.internal.impl.XMLDocumentFragmentScannerImpl$FragmentContentDriver::next (2331 bytes)
Event: 12.053 Thread 0x000001ad39a02c80 nmethod 2596 0x000001ad304c6510 code [0x000001ad304c66a0, 0x000001ad304c6818]
Event: 12.053 Thread 0x000001ad39a02c80 2622   !   4       java.io.BufferedInputStream::read (54 bytes)

GC Heap History (6 events):
Event: 3.186 GC heap before
{Heap before GC invocations=1 (full 0):
 PSYoungGen      total 29696K, used 25600K [0x00000000eab00000, 0x00000000ecc00000, 0x0000000100000000)
  eden space 25600K, 100% used [0x00000000eab00000,0x00000000ec400000,0x00000000ec400000)
  from space 4096K, 0% used [0x00000000ec800000,0x00000000ec800000,0x00000000ecc00000)
  to   space 4096K, 0% used [0x00000000ec400000,0x00000000ec400000,0x00000000ec800000)
 ParOldGen       total 68608K, used 0K [0x00000000c0000000, 0x00000000c4300000, 0x00000000eab00000)
  object space 68608K, 0% used [0x00000000c0000000,0x00000000c0000000,0x00000000c4300000)
 Metaspace       used 4350K, committed 4544K, reserved 1114112K
  class space    used 437K, committed 512K, reserved 1048576K
}
Event: 3.220 GC heap after
{Heap after GC invocations=1 (full 0):
 PSYoungGen      total 29696K, used 3214K [0x00000000eab00000, 0x00000000ecc00000, 0x0000000100000000)
  eden space 25600K, 0% used [0x00000000eab00000,0x00000000eab00000,0x00000000ec400000)
  from space 4096K, 78% used [0x00000000ec400000,0x00000000ec723aa0,0x00000000ec800000)
  to   space 4096K, 0% used [0x00000000ec800000,0x00000000ec800000,0x00000000ecc00000)
 ParOldGen       total 68608K, used 0K [0x00000000c0000000, 0x00000000c4300000, 0x00000000eab00000)
  object space 68608K, 0% used [0x00000000c0000000,0x00000000c0000000,0x00000000c4300000)
 Metaspace       used 4350K, committed 4544K, reserved 1114112K
  class space    used 437K, committed 512K, reserved 1048576K
}
Event: 6.112 GC heap before
{Heap before GC invocations=2 (full 0):
 PSYoungGen      total 29696K, used 28814K [0x00000000eab00000, 0x00000000ecc00000, 0x0000000100000000)
  eden space 25600K, 100% used [0x00000000eab00000,0x00000000ec400000,0x00000000ec400000)
  from space 4096K, 78% used [0x00000000ec400000,0x00000000ec723aa0,0x00000000ec800000)
  to   space 4096K, 0% used [0x00000000ec800000,0x00000000ec800000,0x00000000ecc00000)
 ParOldGen       total 68608K, used 0K [0x00000000c0000000, 0x00000000c4300000, 0x00000000eab00000)
  object space 68608K, 0% used [0x00000000c0000000,0x00000000c0000000,0x00000000c4300000)
 Metaspace       used 8001K, committed 8320K, reserved 1114112K
  class space    used 781K, committed 960K, reserved 1048576K
}
Event: 6.120 GC heap after
{Heap after GC invocations=2 (full 0):
 PSYoungGen      total 29696K, used 4068K [0x00000000eab00000, 0x00000000ecc00000, 0x0000000100000000)
  eden space 25600K, 0% used [0x00000000eab00000,0x00000000eab00000,0x00000000ec400000)
  from space 4096K, 99% used [0x00000000ec800000,0x00000000ecbf9158,0x00000000ecc00000)
  to   space 4096K, 0% used [0x00000000ec400000,0x00000000ec400000,0x00000000ec800000)
 ParOldGen       total 68608K, used 1749K [0x00000000c0000000, 0x00000000c4300000, 0x00000000eab00000)
  object space 68608K, 2% used [0x00000000c0000000,0x00000000c01b5750,0x00000000c4300000)
 Metaspace       used 8001K, committed 8320K, reserved 1114112K
  class space    used 781K, committed 960K, reserved 1048576K
}
Event: 7.961 GC heap before
{Heap before GC invocations=3 (full 0):
 PSYoungGen      total 29696K, used 29668K [0x00000000eab00000, 0x00000000ecc00000, 0x0000000100000000)
  eden space 25600K, 100% used [0x00000000eab00000,0x00000000ec400000,0x00000000ec400000)
  from space 4096K, 99% used [0x00000000ec800000,0x00000000ecbf9158,0x00000000ecc00000)
  to   space 4096K, 0% used [0x00000000ec400000,0x00000000ec400000,0x00000000ec800000)
 ParOldGen       total 68608K, used 1749K [0x00000000c0000000, 0x00000000c4300000, 0x00000000eab00000)
  object space 68608K, 2% used [0x00000000c0000000,0x00000000c01b5750,0x00000000c4300000)
 Metaspace       used 9216K, committed 9536K, reserved 1114112K
  class space    used 922K, committed 1088K, reserved 1048576K
}
Event: 7.969 GC heap after
{Heap after GC invocations=3 (full 0):
 PSYoungGen      total 29696K, used 4068K [0x00000000eab00000, 0x00000000ecc00000, 0x0000000100000000)
  eden space 25600K, 0% used [0x00000000eab00000,0x00000000eab00000,0x00000000ec400000)
  from space 4096K, 99% used [0x00000000ec400000,0x00000000ec7f9178,0x00000000ec800000)
  to   space 4096K, 0% used [0x00000000ec800000,0x00000000ec800000,0x00000000ecc00000)
 ParOldGen       total 68608K, used 5941K [0x00000000c0000000, 0x00000000c4300000, 0x00000000eab00000)
  object space 68608K, 8% used [0x00000000c0000000,0x00000000c05cd5b8,0x00000000c4300000)
 Metaspace       used 9216K, committed 9536K, reserved 1114112K
  class space    used 922K, committed 1088K, reserved 1048576K
}

Dll operation events (9 events):
Event: 0.020 Loaded shared library c:\Users\Quoc Huy\.vscode\extensions\redhat.java-1.41.1-win32-x64\jre\21.0.6-win32-x86_64\bin\java.dll
Event: 0.303 Loaded shared library c:\Users\Quoc Huy\.vscode\extensions\redhat.java-1.41.1-win32-x64\jre\21.0.6-win32-x86_64\bin\zip.dll
Event: 0.411 Loaded shared library C:\Users\Quoc Huy\.vscode\extensions\redhat.java-1.41.1-win32-x64\jre\21.0.6-win32-x86_64\bin\instrument.dll
Event: 0.426 Loaded shared library C:\Users\Quoc Huy\.vscode\extensions\redhat.java-1.41.1-win32-x64\jre\21.0.6-win32-x86_64\bin\net.dll
Event: 0.435 Loaded shared library C:\Users\Quoc Huy\.vscode\extensions\redhat.java-1.41.1-win32-x64\jre\21.0.6-win32-x86_64\bin\nio.dll
Event: 0.445 Loaded shared library C:\Users\Quoc Huy\.vscode\extensions\redhat.java-1.41.1-win32-x64\jre\21.0.6-win32-x86_64\bin\zip.dll
Event: 0.513 Loaded shared library C:\Users\Quoc Huy\.vscode\extensions\redhat.java-1.41.1-win32-x64\jre\21.0.6-win32-x86_64\bin\jimage.dll
Event: 0.971 Loaded shared library c:\Users\Quoc Huy\.vscode\extensions\redhat.java-1.41.1-win32-x64\jre\21.0.6-win32-x86_64\bin\verify.dll
Event: 6.034 Loaded shared library C:\Users\Quoc Huy\AppData\Roaming\Code\User\globalStorage\redhat.java\1.41.1\config_win\org.eclipse.equinox.launcher\org.eclipse.equinox.launcher.win32.win32.x86_64_1.2.1300.v20250331-1702\eclipse_11911.dll

Deoptimization events (20 events):
Event: 11.754 Thread 0x000001ad04b0d740 Uncommon trap: trap_request=0xffffff45 fr.pc=0x000001ad3045f308 relative=0x0000000000001508
Event: 11.754 Thread 0x000001ad04b0d740 Uncommon trap: reason=unstable_if action=reinterpret pc=0x000001ad3045f308 method=java.io.WinNTFileSystem.normalize(Ljava/lang/String;II)Ljava/lang/String; @ 100 c2
Event: 11.754 Thread 0x000001ad04b0d740 DEOPT PACKING pc=0x000001ad3045f308 sp=0x0000005c07df8c50
Event: 11.754 Thread 0x000001ad04b0d740 DEOPT UNPACKING pc=0x000001ad2fe53aa2 sp=0x0000005c07df8b90 mode 2
Event: 11.754 Thread 0x000001ad04b0d740 Uncommon trap: trap_request=0xffffff45 fr.pc=0x000001ad30462314 relative=0x00000000000013d4
Event: 11.754 Thread 0x000001ad04b0d740 Uncommon trap: reason=unstable_if action=reinterpret pc=0x000001ad30462314 method=java.io.WinNTFileSystem.normalize(Ljava/lang/String;II)Ljava/lang/String; @ 100 c2
Event: 11.754 Thread 0x000001ad04b0d740 DEOPT PACKING pc=0x000001ad30462314 sp=0x0000005c07df8b80
Event: 11.754 Thread 0x000001ad04b0d740 DEOPT UNPACKING pc=0x000001ad2fe53aa2 sp=0x0000005c07df8b88 mode 2
Event: 11.940 Thread 0x000001ad04b0d740 Uncommon trap: trap_request=0xffffff45 fr.pc=0x000001ad3049b108 relative=0x0000000000000d88
Event: 11.940 Thread 0x000001ad04b0d740 Uncommon trap: reason=unstable_if action=reinterpret pc=0x000001ad3049b108 method=java.util.Properties.loadConvert([CIILjava/lang/StringBuilder;)Ljava/lang/String; @ 491 c2
Event: 11.940 Thread 0x000001ad04b0d740 DEOPT PACKING pc=0x000001ad3049b108 sp=0x0000005c07df70e0
Event: 11.941 Thread 0x000001ad04b0d740 DEOPT UNPACKING pc=0x000001ad2fe53aa2 sp=0x0000005c07df70c0 mode 2
Event: 11.953 Thread 0x000001ad04b0d740 Uncommon trap: trap_request=0xffffffde fr.pc=0x000001ad30423a50 relative=0x0000000000000610
Event: 11.953 Thread 0x000001ad04b0d740 Uncommon trap: reason=class_check action=maybe_recompile pc=0x000001ad30423a50 method=java.io.BufferedInputStream.implRead([BII)I @ 100 c2
Event: 11.953 Thread 0x000001ad04b0d740 DEOPT PACKING pc=0x000001ad30423a50 sp=0x0000005c07df8080
Event: 11.953 Thread 0x000001ad04b0d740 DEOPT UNPACKING pc=0x000001ad2fe53aa2 sp=0x0000005c07df8058 mode 2
Event: 11.956 Thread 0x000001ad04b0d740 Uncommon trap: trap_request=0xffffff45 fr.pc=0x000001ad304238cc relative=0x000000000000048c
Event: 11.956 Thread 0x000001ad04b0d740 Uncommon trap: reason=unstable_if action=reinterpret pc=0x000001ad304238cc method=java.io.BufferedInputStream.implRead([BII)I @ 55 c2
Event: 11.956 Thread 0x000001ad04b0d740 DEOPT PACKING pc=0x000001ad304238cc sp=0x0000005c07df8080
Event: 11.956 Thread 0x000001ad04b0d740 DEOPT UNPACKING pc=0x000001ad2fe53aa2 sp=0x0000005c07df8058 mode 2

Classes loaded (20 events):
Event: 11.511 Loading class java/io/CharConversionException done
Event: 11.511 Loading class com/sun/org/apache/xerces/internal/impl/io/MalformedByteSequenceException done
Event: 11.567 Loading class java/util/concurrent/CompletionStage
Event: 11.568 Loading class java/util/concurrent/CompletionStage done
Event: 11.571 Loading class java/util/Timer
Event: 11.571 Loading class java/util/Timer done
Event: 11.571 Loading class java/util/TaskQueue
Event: 11.571 Loading class java/util/TaskQueue done
Event: 11.571 Loading class java/util/TimerThread
Event: 11.571 Loading class java/util/TimerThread done
Event: 11.571 Loading class java/util/Timer$ThreadReaper
Event: 11.572 Loading class java/util/Timer$ThreadReaper done
Event: 11.635 Loading class java/util/concurrent/locks/ReentrantLock$FairSync
Event: 11.635 Loading class java/util/concurrent/locks/ReentrantLock$FairSync done
Event: 11.938 Loading class java/lang/IllegalCallerException
Event: 11.938 Loading class java/lang/IllegalCallerException done
Event: 11.944 Loading class java/lang/invoke/DirectMethodHandle$1
Event: 11.944 Loading class java/lang/invoke/DirectMethodHandle$1 done
Event: 11.947 Loading class org/xml/sax/SAXParseException
Event: 11.947 Loading class org/xml/sax/SAXParseException done

Classes unloaded (0 events):
No events

Classes redefined (0 events):
No events

Internal exceptions (20 events):
Event: 3.379 Thread 0x000001ad256cfdc0 Exception <a 'java/lang/NoSuchMethodError'{0x00000000ead53950}: 'long java.lang.invoke.DirectMethodHandle$Holder.invokeStatic(java.lang.Object, java.lang.Object, int)'> (0x00000000ead53950) 
thrown [s\src\hotspot\share\interpreter\linkResolver.cpp, line 773]
Event: 3.381 Thread 0x000001ad256cfdc0 Exception <a 'java/lang/NoSuchMethodError'{0x00000000ead5b458}: 'java.lang.Object java.lang.invoke.DirectMethodHandle$Holder.invokeSpecial(java.lang.Object, java.lang.Object, java.lang.Object, java.lang.Object, long)'> (0x00000000ead5b458) 
thrown [s\src\hotspot\share\interpreter\linkResolver.cpp, line 773]
Event: 3.385 Thread 0x000001ad256cfdc0 Exception <a 'java/lang/NoSuchMethodError'{0x00000000ead690d8}: 'java.lang.Object java.lang.invoke.DirectMethodHandle$Holder.invokeSpecial(java.lang.Object, java.lang.Object, java.lang.Object, int, java.lang.Object)'> (0x00000000ead690d8) 
thrown [s\src\hotspot\share\interpreter\linkResolver.cpp, line 773]
Event: 3.402 Thread 0x000001ad256cfdc0 Exception <a 'java/lang/NoSuchMethodError'{0x00000000ead80638}: 'java.lang.Object java.lang.invoke.Invokers$Holder.invokeExact_MT(java.lang.Object, java.lang.Object, java.lang.Object, java.lang.Object, java.lang.Object, java.lang.Object)'> (0x00000000ead80638) 
thrown [s\src\hotspot\share\interpreter\linkResolver.cpp, line 773]
Event: 3.407 Thread 0x000001ad256cfdc0 Exception <a 'java/lang/NoSuchMethodError'{0x00000000ead99f20}: 'int java.lang.invoke.DirectMethodHandle$Holder.invokeStaticInit(java.lang.Object, java.lang.Object, java.lang.Object, java.lang.Object)'> (0x00000000ead99f20) 
thrown [s\src\hotspot\share\interpreter\linkResolver.cpp, line 773]
Event: 3.409 Thread 0x000001ad256cfdc0 Exception <a 'java/lang/NoSuchMethodError'{0x00000000eada26d8}: 'java.lang.Object java.lang.invoke.DirectMethodHandle$Holder.invokeInterface(java.lang.Object, java.lang.Object)'> (0x00000000eada26d8) 
thrown [s\src\hotspot\share\interpreter\linkResolver.cpp, line 773]
Event: 3.409 Thread 0x000001ad256cfdc0 Exception <a 'java/lang/IncompatibleClassChangeError'{0x00000000eada5c10}: Found class java.lang.Object, but interface was expected> (0x00000000eada5c10) 
thrown [s\src\hotspot\share\interpreter\linkResolver.cpp, line 840]
Event: 3.410 Thread 0x000001ad256cfdc0 Exception <a 'java/lang/NoSuchMethodError'{0x00000000eada9dc8}: 'void java.lang.invoke.DirectMethodHandle$Holder.invokeStatic(java.lang.Object, java.lang.Object)'> (0x00000000eada9dc8) 
thrown [s\src\hotspot\share\interpreter\linkResolver.cpp, line 773]
Event: 3.411 Thread 0x000001ad256cfdc0 Exception <a 'java/lang/NoSuchMethodError'{0x00000000eadad170}: 'void java.lang.invoke.DirectMethodHandle$Holder.invokeStaticInit(java.lang.Object, java.lang.Object)'> (0x00000000eadad170) 
thrown [s\src\hotspot\share\interpreter\linkResolver.cpp, line 773]
Event: 3.412 Thread 0x000001ad256cfdc0 Exception <a 'java/lang/NoSuchMethodError'{0x00000000eadb4170}: 'int java.lang.invoke.DirectMethodHandle$Holder.invokeStaticInit(java.lang.Object, java.lang.Object)'> (0x00000000eadb4170) 
thrown [s\src\hotspot\share\interpreter\linkResolver.cpp, line 773]
Event: 3.570 Thread 0x000001ad256cfdc0 Exception <a 'java/lang/NoSuchMethodError'{0x00000000eaf180d0}: 'void java.lang.invoke.DirectMethodHandle$Holder.invokeSpecial(java.lang.Object, java.lang.Object, java.lang.Object)'> (0x00000000eaf180d0) 
thrown [s\src\hotspot\share\interpreter\linkResolver.cpp, line 773]
Event: 4.439 Thread 0x000001ad256cfdc0 Exception <a 'java/lang/NoSuchMethodError'{0x00000000eb91cac8}: 'int java.lang.invoke.DirectMethodHandle$Holder.invokeVirtual(java.lang.Object, java.lang.Object)'> (0x00000000eb91cac8) 
thrown [s\src\hotspot\share\interpreter\linkResolver.cpp, line 773]
Event: 5.107 Thread 0x000001ad256cfdc0 Exception <a 'java/lang/NoSuchMethodError'{0x00000000ebc7a488}: 'java.lang.Object java.lang.invoke.DirectMethodHandle$Holder.newInvokeSpecial(java.lang.Object, int, java.lang.Object)'> (0x00000000ebc7a488) 
thrown [s\src\hotspot\share\interpreter\linkResolver.cpp, line 773]
Event: 5.318 Thread 0x000001ad256cfdc0 Exception <a 'java/lang/NoSuchMethodError'{0x00000000ebe12148}: 'java.lang.Object java.lang.invoke.DirectMethodHandle$Holder.newInvokeSpecial(java.lang.Object, java.lang.Object, java.lang.Object, java.lang.Object, int, java.lang.Object)'> (0x00000000ebe12148) 
thrown [s\src\hotspot\share\interpreter\linkResolver.cpp, line 773]
Event: 6.027 Thread 0x000001ad256cfdc0 Exception <a 'java/lang/UnsatisfiedLinkError'{0x00000000ec2bb160}: 'void org.eclipse.equinox.launcher.JNIBridge._update_splash()'> (0x00000000ec2bb160) 
thrown [s\src\hotspot\share\prims\nativeLookup.cpp, line 415]
Event: 6.650 Thread 0x000001ad04b0d740 Exception <a 'java/lang/NoSuchMethodError'{0x00000000eb057fa0}: 'java.lang.Object java.lang.invoke.DirectMethodHandle$Holder.newInvokeSpecial(java.lang.Object, java.lang.Object, int, java.lang.Object)'> (0x00000000eb057fa0) 
thrown [s\src\hotspot\share\interpreter\linkResolver.cpp, line 773]
Event: 6.746 Thread 0x000001ad04b0d740 Exception <a 'java/lang/ClassNotFoundException'{0x00000000eb234340}: sun/util/logging/resources/spi/loggingProvider> (0x00000000eb234340) 
thrown [s\src\hotspot\share\classfile\systemDictionary.cpp, line 312]
Event: 11.289 Thread 0x000001ad04b0d740 Exception <a 'java/lang/NullPointerException'{0x00000000eb2eb578}> (0x00000000eb2eb578) 
thrown [s\src\hotspot\share\interpreter\linkResolver.cpp, line 1372]
Event: 11.289 Thread 0x000001ad04b0d740 Exception <a 'java/lang/NullPointerException'{0x00000000eb2eb858}> (0x00000000eb2eb858) 
thrown [s\src\hotspot\share\interpreter\linkResolver.cpp, line 1372]
Event: 11.878 Thread 0x000001ad04b0d740 Exception <a 'java/lang/NoSuchMethodError'{0x00000000ebc8de18}: 'void java.lang.invoke.Invokers$Holder.invokeExact_MT(java.lang.Object, java.lang.Object, java.lang.Object)'> (0x00000000ebc8de18) 
thrown [s\src\hotspot\share\interpreter\linkResolver.cpp, line 773]

ZGC Phase Switch (0 events):
No events

VM Operations (20 events):
Event: 6.801 Executing VM operation: HandshakeAllThreads (Deoptimize)
Event: 6.801 Executing VM operation: HandshakeAllThreads (Deoptimize) done
Event: 6.828 Executing VM operation: HandshakeAllThreads (Deoptimize)
Event: 6.828 Executing VM operation: HandshakeAllThreads (Deoptimize) done
Event: 6.921 Executing VM operation: HandshakeAllThreads (Deoptimize)
Event: 6.921 Executing VM operation: HandshakeAllThreads (Deoptimize) done
Event: 7.923 Executing VM operation: Cleanup
Event: 7.939 Executing VM operation: Cleanup done
Event: 7.961 Executing VM operation: ParallelGCFailedAllocation (Allocation Failure)
Event: 7.969 Executing VM operation: ParallelGCFailedAllocation (Allocation Failure) done
Event: 8.978 Executing VM operation: Cleanup
Event: 8.978 Executing VM operation: Cleanup done
Event: 9.980 Executing VM operation: Cleanup
Event: 9.980 Executing VM operation: Cleanup done
Event: 10.983 Executing VM operation: Cleanup
Event: 10.983 Executing VM operation: Cleanup done
Event: 11.283 Executing VM operation: HandshakeAllThreads (Deoptimize)
Event: 11.284 Executing VM operation: HandshakeAllThreads (Deoptimize) done
Event: 11.636 Executing VM operation: HandshakeAllThreads (Deoptimize)
Event: 11.636 Executing VM operation: HandshakeAllThreads (Deoptimize) done

Memory protections (0 events):
No events

Nmethod flushes (0 events):
No events

Events (20 events):
Event: 0.129 Thread 0x000001ad256cfdc0 Thread added: 0x000001ad39a78d90
Event: 0.228 Thread 0x000001ad256cfdc0 Thread added: 0x000001ad39ace5a0
Event: 1.372 Thread 0x000001ad256cfdc0 Thread added: 0x000001ad0425b350
Event: 1.946 Thread 0x000001ad39a78d90 Thread added: 0x000001ad044291e0
Event: 3.147 Thread 0x000001ad044291e0 Thread exited: 0x000001ad044291e0
Event: 3.839 Thread 0x000001ad39a78d90 Thread added: 0x000001ad04a2b090
Event: 4.017 Thread 0x000001ad04a2b090 Thread exited: 0x000001ad04a2b090
Event: 4.399 Thread 0x000001ad39a78d90 Thread added: 0x000001ad04a116a0
Event: 4.561 Thread 0x000001ad04a116a0 Thread exited: 0x000001ad04a116a0
Event: 4.960 Thread 0x000001ad256cfdc0 Thread added: 0x000001ad04984ee0
Event: 6.021 Thread 0x000001ad256cfdc0 Thread added: 0x000001ad045d56b0
Event: 6.236 Thread 0x000001ad045d56b0 Thread added: 0x000001ad04b21e10
Event: 6.310 Thread 0x000001ad256cfdc0 Thread added: 0x000001ad04b0d740
Event: 6.937 Thread 0x000001ad39a78d90 Thread added: 0x000001ad041056e0
Event: 7.328 Thread 0x000001ad041056e0 Thread exited: 0x000001ad041056e0
Event: 7.569 Thread 0x000001ad39a78d90 Thread added: 0x000001ad04a961e0
Event: 7.658 Thread 0x000001ad04b0d740 Thread added: 0x000001ad04fa7990
Event: 7.773 Thread 0x000001ad04a961e0 Thread exited: 0x000001ad04a961e0
Event: 11.156 Thread 0x000001ad04b0d740 Thread added: 0x000001ad04879440
Event: 11.572 Thread 0x000001ad04b0d740 Thread added: 0x000001ad046b56e0


Dynamic libraries:
0x00007ff7d9b20000 - 0x00007ff7d9b2e000 	c:\Users\Quoc Huy\.vscode\extensions\redhat.java-1.41.1-win32-x64\jre\21.0.6-win32-x86_64\bin\java.exe
0x00007ffb10030000 - 0x00007ffb10228000 	C:\Windows\SYSTEM32\ntdll.dll
0x00007ffb0e280000 - 0x00007ffb0e342000 	C:\Windows\System32\KERNEL32.DLL
0x00007ffb0db70000 - 0x00007ffb0de66000 	C:\Windows\System32\KERNELBASE.dll
0x00007ffb0d940000 - 0x00007ffb0da40000 	C:\Windows\System32\ucrtbase.dll
0x00007ffadd920000 - 0x00007ffadd938000 	c:\Users\Quoc Huy\.vscode\extensions\redhat.java-1.41.1-win32-x64\jre\21.0.6-win32-x86_64\bin\jli.dll
0x00007ffb0ed20000 - 0x00007ffb0eebd000 	C:\Windows\System32\USER32.dll
0x00007ffb0dea0000 - 0x00007ffb0dec2000 	C:\Windows\System32\win32u.dll
0x00007ffb0ecf0000 - 0x00007ffb0ed1b000 	C:\Windows\System32\GDI32.dll
0x00007ffb0df20000 - 0x00007ffb0e03a000 	C:\Windows\System32\gdi32full.dll
0x00007ffb0dad0000 - 0x00007ffb0db6d000 	C:\Windows\System32\msvcp_win.dll
0x00007ffae0730000 - 0x00007ffae074e000 	c:\Users\Quoc Huy\.vscode\extensions\redhat.java-1.41.1-win32-x64\jre\21.0.6-win32-x86_64\bin\VCRUNTIME140.dll
0x00007ffb003d0000 - 0x00007ffb0066a000 	C:\Windows\WinSxS\amd64_microsoft.windows.common-controls_6595b64144ccf1df_6.0.19041.4355_none_60b8b9eb71f62e16\COMCTL32.dll
0x00007ffb0e040000 - 0x00007ffb0e0de000 	C:\Windows\System32\msvcrt.dll
0x00007ffb0f3e0000 - 0x00007ffb0f40f000 	C:\Windows\System32\IMM32.DLL
0x00007ffae9890000 - 0x00007ffae989c000 	c:\Users\Quoc Huy\.vscode\extensions\redhat.java-1.41.1-win32-x64\jre\21.0.6-win32-x86_64\bin\vcruntime140_1.dll
0x00007ffac5bb0000 - 0x00007ffac5c3d000 	c:\Users\Quoc Huy\.vscode\extensions\redhat.java-1.41.1-win32-x64\jre\21.0.6-win32-x86_64\bin\msvcp140.dll
0x00007ffa9ed40000 - 0x00007ffa9fad0000 	c:\Users\Quoc Huy\.vscode\extensions\redhat.java-1.41.1-win32-x64\jre\21.0.6-win32-x86_64\bin\server\jvm.dll
0x00007ffb0e350000 - 0x00007ffb0e401000 	C:\Windows\System32\ADVAPI32.dll
0x00007ffb0eec0000 - 0x00007ffb0ef5f000 	C:\Windows\System32\sechost.dll
0x00007ffb0f0f0000 - 0x00007ffb0f213000 	C:\Windows\System32\RPCRT4.dll
0x00007ffb0de70000 - 0x00007ffb0de97000 	C:\Windows\System32\bcrypt.dll
0x00007ffb0f230000 - 0x00007ffb0f29b000 	C:\Windows\System32\WS2_32.dll
0x00007ffb0d510000 - 0x00007ffb0d55b000 	C:\Windows\SYSTEM32\POWRPROF.dll
0x00007ffb020d0000 - 0x00007ffb020f7000 	C:\Windows\SYSTEM32\WINMM.dll
0x00007ffb07e20000 - 0x00007ffb07e2a000 	C:\Windows\SYSTEM32\VERSION.dll
0x00007ffb0d4f0000 - 0x00007ffb0d502000 	C:\Windows\SYSTEM32\UMPDC.dll
0x00007ffb0b4f0000 - 0x00007ffb0b502000 	C:\Windows\SYSTEM32\kernel.appcore.dll
0x00007ffae3770000 - 0x00007ffae377a000 	c:\Users\Quoc Huy\.vscode\extensions\redhat.java-1.41.1-win32-x64\jre\21.0.6-win32-x86_64\bin\jimage.dll
0x00007ffb07e70000 - 0x00007ffb08054000 	C:\Windows\SYSTEM32\DBGHELP.DLL
0x00007ffb074c0000 - 0x00007ffb074f4000 	C:\Windows\SYSTEM32\dbgcore.DLL
0x00007ffb0da40000 - 0x00007ffb0dac2000 	C:\Windows\System32\bcryptPrimitives.dll
0x00007ffae2fd0000 - 0x00007ffae2fdf000 	c:\Users\Quoc Huy\.vscode\extensions\redhat.java-1.41.1-win32-x64\jre\21.0.6-win32-x86_64\bin\instrument.dll
0x00007ffae1020000 - 0x00007ffae103f000 	c:\Users\Quoc Huy\.vscode\extensions\redhat.java-1.41.1-win32-x64\jre\21.0.6-win32-x86_64\bin\java.dll
0x00007ffb0f770000 - 0x00007ffb0fedf000 	C:\Windows\System32\SHELL32.dll
0x00007ffb0b6f0000 - 0x00007ffb0be93000 	C:\Windows\SYSTEM32\windows.storage.dll
0x00007ffb0f410000 - 0x00007ffb0f765000 	C:\Windows\System32\combase.dll
0x00007ffb0cf30000 - 0x00007ffb0cf5b000 	C:\Windows\SYSTEM32\Wldp.dll
0x00007ffb0e4a0000 - 0x00007ffb0e56d000 	C:\Windows\System32\OLEAUT32.dll
0x00007ffb0f040000 - 0x00007ffb0f0ed000 	C:\Windows\System32\SHCORE.dll
0x00007ffb0fee0000 - 0x00007ffb0ff35000 	C:\Windows\System32\shlwapi.dll
0x00007ffb0d5e0000 - 0x00007ffb0d605000 	C:\Windows\SYSTEM32\profapi.dll
0x00007ffade4d0000 - 0x00007ffade4e8000 	c:\Users\Quoc Huy\.vscode\extensions\redhat.java-1.41.1-win32-x64\jre\21.0.6-win32-x86_64\bin\zip.dll
0x00007ffae18d0000 - 0x00007ffae18e0000 	C:\Users\Quoc Huy\.vscode\extensions\redhat.java-1.41.1-win32-x64\jre\21.0.6-win32-x86_64\bin\net.dll
0x00007ffb05270000 - 0x00007ffb0537a000 	C:\Windows\SYSTEM32\WINHTTP.dll
0x00007ffb0cd10000 - 0x00007ffb0cd7c000 	C:\Windows\system32\mswsock.dll
0x00007ffadbcc0000 - 0x00007ffadbcd6000 	C:\Users\Quoc Huy\.vscode\extensions\redhat.java-1.41.1-win32-x64\jre\21.0.6-win32-x86_64\bin\nio.dll
0x00007ffae1a60000 - 0x00007ffae1a70000 	c:\Users\Quoc Huy\.vscode\extensions\redhat.java-1.41.1-win32-x64\jre\21.0.6-win32-x86_64\bin\verify.dll
0x00007ffac7f80000 - 0x00007ffac7fc5000 	C:\Users\Quoc Huy\AppData\Roaming\Code\User\globalStorage\redhat.java\1.41.1\config_win\org.eclipse.equinox.launcher\org.eclipse.equinox.launcher.win32.win32.x86_64_1.2.1300.v20250331-1702\eclipse_11911.dll
0x00007ffb0f2a0000 - 0x00007ffb0f3cb000 	C:\Windows\System32\ole32.dll

dbghelp: loaded successfully - version: 4.0.5 - missing functions: none
symbol engine: initialized successfully - sym options: 0x614 - pdb path: .;c:\Users\Quoc Huy\.vscode\extensions\redhat.java-1.41.1-win32-x64\jre\21.0.6-win32-x86_64\bin;C:\Windows\SYSTEM32;C:\Windows\WinSxS\amd64_microsoft.windows.common-controls_6595b64144ccf1df_6.0.19041.4355_none_60b8b9eb71f62e16;c:\Users\Quoc Huy\.vscode\extensions\redhat.java-1.41.1-win32-x64\jre\21.0.6-win32-x86_64\bin\server;C:\Users\Quoc Huy\AppData\Roaming\Code\User\globalStorage\redhat.java\1.41.1\config_win\org.eclipse.equinox.launcher\org.eclipse.equinox.launcher.win32.win32.x86_64_1.2.1300.v20250331-1702

VM Arguments:
jvm_args: --add-modules=ALL-SYSTEM --add-opens=java.base/java.util=ALL-UNNAMED --add-opens=java.base/java.lang=ALL-UNNAMED --add-opens=java.base/sun.nio.fs=ALL-UNNAMED -Declipse.application=org.eclipse.jdt.ls.core.id1 -Dosgi.bundles.defaultStartLevel=4 -Declipse.product=org.eclipse.jdt.ls.core.product -Djava.import.generatesMetadataFilesAtProjectRoot=false -DDetectVMInstallationsJob.disabled=true -Dfile.encoding=utf8 -XX:+UseParallelGC -XX:GCTimeRatio=4 -XX:AdaptiveSizePolicyWeight=90 -Dsun.zip.disableMemoryMapping=true -Xmx1G -Xms100m -Xlog:disable -javaagent:c:\Users\Quoc Huy\.vscode\extensions\redhat.java-1.41.1-win32-x64\lombok\lombok-1.18.36.jar -XX:+HeapDumpOnOutOfMemoryError -XX:HeapDumpPath=c:\Users\Quoc Huy\AppData\Roaming\Code\User\workspaceStorage\ed232d59fa86a915b68adb7d04bb7f3e\redhat.java -Daether.dependencyCollector.impl=bf 
java_command: c:\Users\Quoc Huy\.vscode\extensions\redhat.java-1.41.1-win32-x64\server\plugins\org.eclipse.equinox.launcher_1.7.0.v20250331-1702.jar -configuration c:\Users\Quoc Huy\AppData\Roaming\Code\User\globalStorage\redhat.java\1.41.1\config_win -data c:\Users\Quoc Huy\AppData\Roaming\Code\User\workspaceStorage\ed232d59fa86a915b68adb7d04bb7f3e\redhat.java\jdt_ws --pipe=\\.\pipe\lsp-21c33fbd873d7f0f4e459cda16fba171-sock
java_class_path (initial): c:\Users\Quoc Huy\.vscode\extensions\redhat.java-1.41.1-win32-x64\server\plugins\org.eclipse.equinox.launcher_1.7.0.v20250331-1702.jar
Launcher Type: SUN_STANDARD

[Global flags]
    uintx AdaptiveSizePolicyWeight                 = 90                                        {product} {command line}
     intx CICompilerCount                          = 3                                         {product} {ergonomic}
    uintx GCTimeRatio                              = 4                                         {product} {command line}
     bool HeapDumpOnOutOfMemoryError               = true                                   {manageable} {command line}
    ccstr HeapDumpPath                             = c:\Users\Quoc Huy\AppData\Roaming\Code\User\workspaceStorage\ed232d59fa86a915b68adb7d04bb7f3e\redhat.java         {manageable} {command line}
   size_t InitialHeapSize                          = 104857600                                 {product} {command line}
   size_t MaxHeapSize                              = 1073741824                                {product} {command line}
   size_t MaxNewSize                               = 357564416                                 {product} {ergonomic}
   size_t MinHeapDeltaBytes                        = 524288                                    {product} {ergonomic}
   size_t MinHeapSize                              = 104857600                                 {product} {command line}
   size_t NewSize                                  = 34603008                                  {product} {ergonomic}
    uintx NonNMethodCodeHeapSize                   = 5832780                                {pd product} {ergonomic}
    uintx NonProfiledCodeHeapSize                  = 122912730                              {pd product} {ergonomic}
   size_t OldSize                                  = 70254592                                  {product} {ergonomic}
    uintx ProfiledCodeHeapSize                     = 122912730                              {pd product} {ergonomic}
    uintx ReservedCodeCacheSize                    = 251658240                              {pd product} {ergonomic}
     bool SegmentedCodeCache                       = true                                      {product} {ergonomic}
   size_t SoftMaxHeapSize                          = 1073741824                             {manageable} {ergonomic}
     bool UseCompressedOops                        = true                           {product lp64_product} {ergonomic}
     bool UseLargePagesIndividualAllocation        = false                                  {pd product} {ergonomic}
     bool UseParallelGC                            = true                                      {product} {command line}

Logging:
Log output configuration:
 #0: stdout all=off uptime,level,tags foldmultilines=false
 #1: stderr all=off uptime,level,tags foldmultilines=false

Environment Variables:
PATH=D:\DB\WINDOWS.X64_193000_db_home\bin;C:\Program Files\Common Files\Oracle\Java\javapath;C:\Users\Quoc Huy\AppData\Local\Pub\Cache\bin;C:\flutter\bin\cache\dart-sdk\bin;C:\Users\Quoc Huy\AppData\Local\Android\Sdk\platforms;C:\Users\Quoc Huy\AppData\Local\Android\Sdk\platform-tools;D:\MinGW\bin;C:\Windows\system32;C:\Windows;C:\Windows\System32\Wbem;C:\Windows\System32\WindowsPowerShell\v1.0\;C:\Windows\System32\OpenSSH\;C:\Program Files\Fortect;C:\Program Files\Git\cmd;C:\Program Files (x86)\Intel\Intel(R) Management Engine Components\DAL;C:\Program Files\Intel\Intel(R) Management Engine Components\DAL;C:\Program Files (x86)\Microsoft SQL Server\160\DTS\Binn\;C:\Program Files (x86)\Microsoft SQL Server\160\Tools\Binn\;C:\Program Files\Microsoft SQL Server\160\Tools\Binn\;C:\Program Files\Microsoft SQL Server\Client SDK\ODBC\170\Tools\Binn\;C:\Program Files\Microsoft SQL Server\160\DTS\Binn\;D:\Nodejs\;C:\Program Files\Intel\WiFi\bin\;C:\Program Files\Common Files\Intel\WirelessCommon\;C:\Program Files\dotnet\;C:\Program Files (x86)\Windows Kits\10\Windows Performance Toolkit\;D:\Docker\resources\bin;C:\Program Files\Java\jdk-21\bin;C:\flutter\bin;C:\flutter\bin\cache\dart-sdk\bin;C:\Users\Quoc Huy\AppData\Roaming\npm;C:\Users\Quoc Huy\AppData\Local\Pub\Cache\bin;C:\msys64\ucrt64\bin;C:\Users\Quoc Huy\AppData\Local\Programs\Microsoft VS Code\bin;D:\Flutter project\scrcpy;C:\Users\Quoc Huy\.dotnet\tools;C:\Program Files\Java\jdk-21\bin;D:\Cursor\cursor\resources\app\bin
USERNAME=Quoc Huy
OS=Windows_NT
PROCESSOR_IDENTIFIER=Intel64 Family 6 Model 78 Stepping 3, GenuineIntel
TMP=C:\Users\QUOCHU~1\AppData\Local\Temp
TEMP=C:\Users\QUOCHU~1\AppData\Local\Temp




Periodic native trim disabled

---------------  S Y S T E M  ---------------

OS:
 Windows 10 , 64 bit Build 19041 (10.0.19041.5678)
OS uptime: 4 days 17:00 hours
Hyper-V role detected

CPU: total 4 (initial active 4) (2 cores per cpu, 2 threads per core) family 6 model 78 stepping 3 microcode 0xea, cx8, cmov, fxsr, ht, mmx, 3dnowpref, sse, sse2, sse3, ssse3, sse4.1, sse4.2, popcnt, lzcnt, tsc, tscinvbit, avx, avx2, aes, erms, clmul, bmi1, bmi2, rtm, adx, fma, vzeroupper, clflush, clflushopt, hv, rdtscp, f16c
Processor Information for the first 4 processors :
  Max Mhz: 2501, Current Mhz: 2501, Mhz Limit: 2501

Memory: 4k page, system-wide physical 16275M (745M free)
TotalPageFile size 24275M (AvailPageFile size 0M)
current process WorkingSet (physical memory assigned to process): 107M, peak: 108M
current process commit charge ("private bytes"): 204M, peak: 204M

vm_info: OpenJDK 64-Bit Server VM (21.0.6+7-LTS) for windows-amd64 JRE (21.0.6+7-LTS), built on 2025-01-21T00:00:00Z by "admin" with MS VC++ 17.7 (VS2022)

END.
